\BOOKMARK [0][-]{chapter.1}{Infraestructura}{}% 1
\BOOKMARK [1][-]{section.1.1}{Software}{chapter.1}% 2
\BOOKMARK [2][-]{subsection.1.1.1}{JdeRobot}{section.1.1}% 3
\BOOKMARK [2][-]{subsection.1.1.2}{Caffe}{section.1.1}% 4
\BOOKMARK [2][-]{subsection.1.1.3}{DroidCam}{section.1.1}% 5
\BOOKMARK [1][-]{section.1.2}{Bases de datos}{chapter.1}% 6
\BOOKMARK [2][-]{subsection.1.2.1}{MNIST}{section.1.2}% 7
\BOOKMARK [2][-]{subsection.1.2.2}{COCO}{section.1.2}% 8
\BOOKMARK [1][-]{section.1.3}{M\351tricas}{chapter.1}% 9
\BOOKMARK [0][-]{chapter.2}{Clasificaci\363n con Deep Learning}{}% 10
\BOOKMARK [1][-]{section.2.1}{Clasificador de d\355gitos}{chapter.2}% 11
\BOOKMARK [2][-]{subsection.2.1.1}{Red b\341sica}{section.2.1}% 12
\BOOKMARK [3][-]{section*.8}{Definici\363n de la red}{subsection.2.1.1}% 13
\BOOKMARK [3][-]{lstnumber.-8.1}{Definici\363n del solucionador}{subsection.2.1.1}% 14
\BOOKMARK [3][-]{lstnumber.-9.26}{Ejecuci\363n de la red}{subsection.2.1.1}% 15
\BOOKMARK [2][-]{subsection.2.1.2}{Componente Python}{section.2.1}% 16
\BOOKMARK [3][-]{section*.13}{C\341mara}{subsection.2.1.2}% 17
\BOOKMARK [3][-]{lstnumber.-15.6}{GUI}{subsection.2.1.2}% 18
\BOOKMARK [3][-]{figure.caption.14}{Ejecuci\363n}{subsection.2.1.2}% 19
\BOOKMARK [1][-]{section.2.2}{Banco de pruebas}{chapter.2}% 20
\BOOKMARK [1][-]{section.2.3}{Efectos del aprendizaje}{chapter.2}% 21
\BOOKMARK [1][-]{section.2.4}{Experimentos}{chapter.2}% 22
