\BOOKMARK [0][-]{chapter.1}{Introducci\363n}{}% 1
\BOOKMARK [0][-]{chapter.2}{Objetivos}{}% 2
\BOOKMARK [0][-]{chapter.3}{Infraestructura}{}% 3
\BOOKMARK [1][-]{section.3.1}{Software}{chapter.3}% 4
\BOOKMARK [2][-]{subsection.3.1.1}{JdeRobot}{section.3.1}% 5
\BOOKMARK [2][-]{subsection.3.1.2}{Caffe}{section.3.1}% 6
\BOOKMARK [2][-]{subsection.3.1.3}{DroidCam}{section.3.1}% 7
\BOOKMARK [1][-]{section.3.2}{Bases de datos}{chapter.3}% 8
\BOOKMARK [2][-]{subsection.3.2.1}{MNIST}{section.3.2}% 9
\BOOKMARK [2][-]{subsection.3.2.2}{COCO}{section.3.2}% 10
\BOOKMARK [1][-]{section.3.3}{Evaluaci\363n de prestaciones}{chapter.3}% 11
\BOOKMARK [0][-]{chapter.4}{Clasificaci\363n con Deep Learning}{}% 12
\BOOKMARK [1][-]{section.4.1}{Clasificador de d\355gitos}{chapter.4}% 13
\BOOKMARK [2][-]{subsection.4.1.1}{Red b\341sica}{section.4.1}% 14
\BOOKMARK [3][-]{section*.10}{Definici\363n de la red}{subsection.4.1.1}% 15
\BOOKMARK [3][-]{figure.caption.12}{Definici\363n del solucionador}{subsection.4.1.1}% 16
\BOOKMARK [3][-]{lstnumber.-9.26}{Ejecuci\363n de la red}{subsection.4.1.1}% 17
\BOOKMARK [2][-]{subsection.4.1.2}{Componente Python}{section.4.1}% 18
\BOOKMARK [3][-]{section*.16}{C\341mara}{subsection.4.1.2}% 19
\BOOKMARK [3][-]{lstnumber.-15.6}{GUI}{subsection.4.1.2}% 20
\BOOKMARK [3][-]{figure.caption.17}{Ejecuci\363n}{subsection.4.1.2}% 21
\BOOKMARK [1][-]{section.4.2}{Banco de pruebas}{chapter.4}% 22
\BOOKMARK [2][-]{subsection.4.2.1}{Obtenci\363n de datos de test}{section.4.2}% 23
\BOOKMARK [2][-]{subsection.4.2.2}{Banco de pruebas manual: Excel}{section.4.2}% 24
\BOOKMARK [1][-]{section.4.3}{Efectos del aprendizaje}{chapter.4}% 25
\BOOKMARK [2][-]{subsection.4.3.1}{Bases de datos}{section.4.3}% 26
\BOOKMARK [2][-]{subsection.4.3.2}{N\372mero de neuronas}{section.4.3}% 27
\BOOKMARK [2][-]{subsection.4.3.3}{Dropout}{section.4.3}% 28
\BOOKMARK [1][-]{section.4.4}{Experimentos}{chapter.4}% 29
\BOOKMARK [0][-]{chapter.5}{Detecci\363n}{}% 30
\BOOKMARK [0][-]{chapter.6}{Conclusiones}{}% 31
